This is ApacheBench, Version 2.3 <$Revision: 1706008 $>
Copyright 1996 Adam Twiss, Zeus Technology Ltd, http://www.zeustech.net/
Licensed to The Apache Software Foundation, http://www.apache.org/

Benchmarking 192.168.1.127 (be patient).....done


Server Software:        Apache/2.4.7
Server Hostname:        192.168.1.127
Server Port:            8000

Document Path:          /api/v1/prometheus/metrics
Document Length:        13385 bytes

Concurrency Level:      10
Time taken for tests:   14.990 seconds
Complete requests:      1000
Failed requests:        0
Non-2xx responses:      1000
Total transferred:      13552575 bytes
HTML transferred:       13385000 bytes
Requests per second:    66.71 [#/sec] (mean)
Time per request:       149.902 [ms] (mean)
Time per request:       14.990 [ms] (mean, across all concurrent requests)
Transfer rate:          882.91 [Kbytes/sec] received

Connection Times (ms)
              min  mean[+/-sd] median   max
Connect:        0    1   0.4      1       3
Processing:    17  149  51.0    150     363
Waiting:       16  132  49.7    133     328
Total:         18  150  51.0    150     364

Percentage of the requests served within a certain time (ms)
  50%    150
  66%    171
  75%    186
  80%    194
  90%    215
  95%    235
  98%    253
  99%    268
 100%    364 (longest request)
